<?xml version="1.0" encoding="utf-8"?><testsuites name="pytest tests"><testsuite name="pytest" errors="0" failures="0" skipped="0" tests="10" time="2.151" timestamp="2026-03-23T22:35:46.200547+00:00" hostname="agent-env-5a4c8d49-a409-4d76-8380-e8c08a4353e8"><testcase classname="tests.test_agora_video_integration.TestEventsUpcoming" name="test_upcoming_events_returns_list" time="0.326" /><testcase classname="tests.test_agora_video_integration.TestEventsUpcoming" name="test_upcoming_events_have_required_fields" time="0.110" /><testcase classname="tests.test_agora_video_integration.TestEventsJoin" name="test_join_event_returns_agora_fields" time="0.274" /><testcase classname="tests.test_agora_video_integration.TestEventsJoin" name="test_join_event_agora_app_id_correct" time="0.238" /><testcase classname="tests.test_agora_video_integration.TestEventsJoin" name="test_join_event_agora_channel_pattern" time="0.229" /><testcase classname="tests.test_agora_video_integration.TestEventsJoin" name="test_join_event_still_returns_jitsi_room_name" time="0.242" /><testcase classname="tests.test_agora_video_integration.TestEventsJoin" name="test_join_event_returns_all_required_fields" time="0.305" /><testcase classname="tests.test_agora_video_integration.TestChannelNameConsistency" name="test_channel_name_derivation_pattern" time="0.000" /><testcase classname="tests.test_agora_video_integration.TestChannelNameConsistency" name="test_real_event_channel_consistency" time="0.247" /><testcase classname="tests.test_agora_video_integration.TestEventTypes" name="test_events_have_event_type_field" time="0.118" /></testsuite></testsuites>