<?xml version="1.0" encoding="utf-8"?><testsuites name="pytest tests"><testsuite name="pytest" errors="0" failures="0" skipped="0" tests="21" time="5.276" timestamp="2026-03-25T16:15:34.476705+00:00" hostname="agent-env-ce1c3534-3501-48e9-a486-1bdbe7052152"><testcase classname="backend.tests.test_cms_pages.TestPagesAdminList" name="test_admin_list_pages_returns_200" time="0.305" /><testcase classname="backend.tests.test_cms_pages.TestPagesAdminList" name="test_admin_list_pages_excludes_content" time="0.168" /><testcase classname="backend.tests.test_cms_pages.TestPagesAdminGetSingle" name="test_get_about_page_returns_full_content" time="0.126" /><testcase classname="backend.tests.test_cms_pages.TestPagesAdminGetSingle" name="test_get_criminal_justice_page_has_linked_persona" time="0.181" /><testcase classname="backend.tests.test_cms_pages.TestPagesAdminGetSingle" name="test_get_privacy_policy_is_system_page" time="0.226" /><testcase classname="backend.tests.test_cms_pages.TestPagesAdminGetSingle" name="test_get_nonexistent_page_returns_404" time="0.124" /><testcase classname="backend.tests.test_cms_pages.TestPagesPublic" name="test_public_get_about_page" time="0.188" /><testcase classname="backend.tests.test_cms_pages.TestPagesPublic" name="test_public_get_criminal_justice_page" time="0.118" /><testcase classname="backend.tests.test_cms_pages.TestPagesCreate" name="test_create_page_success" time="0.451" /><testcase classname="backend.tests.test_cms_pages.TestPagesCreate" name="test_create_page_duplicate_slug_auto_suffix" time="0.251" /><testcase classname="backend.tests.test_cms_pages.TestPagesUpdate" name="test_update_page_content" time="0.552" /><testcase classname="backend.tests.test_cms_pages.TestPagesStatusToggle" name="test_toggle_status_published_to_draft" time="0.254" /><testcase classname="backend.tests.test_cms_pages.TestPagesStatusToggle" name="test_unpublished_page_returns_404_on_public_endpoint" time="0.498" /><testcase classname="backend.tests.test_cms_pages.TestPagesDelete" name="test_delete_system_page_returns_403" time="0.242" /><testcase classname="backend.tests.test_cms_pages.TestPagesDelete" name="test_delete_non_system_page_success" time="0.359" /><testcase classname="backend.tests.test_cms_pages.TestPagesDelete" name="test_delete_nonexistent_page_returns_404" time="0.117" /><testcase classname="backend.tests.test_cms_pages.TestBooksRegression" name="test_admin_get_books_returns_200" time="0.151" /><testcase classname="backend.tests.test_cms_pages.TestBooksRegression" name="test_public_get_books_returns_200" time="0.112" /><testcase classname="backend.tests.test_cms_pages.TestPodcastsRegression" name="test_admin_get_podcasts_returns_200" time="0.130" /><testcase classname="backend.tests.test_cms_pages.TestPodcastsRegression" name="test_public_get_podcasts_returns_200" time="0.156" /><testcase classname="backend.tests.test_cms_pages.TestCleanup" name="test_cleanup_test_pages" time="0.480" /></testsuite></testsuites>