<?xml version="1.0" encoding="utf-8"?><testsuites name="pytest tests"><testsuite name="pytest" errors="0" failures="0" skipped="0" tests="23" time="5.840" timestamp="2026-03-25T11:50:18.187986+00:00" hostname="agent-env-ce1c3534-3501-48e9-a486-1bdbe7052152"><testcase classname="backend.tests.test_cms_phase2.TestPodcastsAdmin" name="test_get_all_podcasts_returns_200" time="0.271" /><testcase classname="backend.tests.test_cms_phase2.TestPodcastsAdmin" name="test_create_podcast_and_verify" time="0.238" /><testcase classname="backend.tests.test_cms_phase2.TestPodcastsAdmin" name="test_update_podcast_and_verify" time="0.379" /><testcase classname="backend.tests.test_cms_phase2.TestPodcastsAdmin" name="test_toggle_podcast_visibility" time="0.512" /><testcase classname="backend.tests.test_cms_phase2.TestPodcastsAdmin" name="test_delete_podcast_and_verify" time="0.334" /><testcase classname="backend.tests.test_cms_phase2.TestPodcastsAdmin" name="test_delete_nonexistent_podcast_returns_404" time="0.106" /><testcase classname="backend.tests.test_cms_phase2.TestPodcastsAdmin" name="test_reorder_podcasts" time="0.334" /><testcase classname="backend.tests.test_cms_phase2.TestPodcastsAdmin" name="test_seed_podcasts_fails_when_already_seeded" time="0.104" /><testcase classname="backend.tests.test_cms_phase2.TestPodcastsPublic" name="test_get_public_podcasts_returns_only_visible" time="0.106" /><testcase classname="backend.tests.test_cms_phase2.TestPersonaBiosAdmin" name="test_get_all_persona_bios_returns_200" time="0.102" /><testcase classname="backend.tests.test_cms_phase2.TestPersonaBiosAdmin" name="test_update_persona_bio_and_description" time="0.467" /><testcase classname="backend.tests.test_cms_phase2.TestPersonaBiosAdmin" name="test_toggle_persona_visibility" time="0.443" /><testcase classname="backend.tests.test_cms_phase2.TestPersonaBiosAdmin" name="test_update_nonexistent_persona_returns_404" time="0.109" /><testcase classname="backend.tests.test_cms_phase2.TestPersonaBiosAdmin" name="test_reorder_personas" time="0.432" /><testcase classname="backend.tests.test_cms_phase2.TestPersonaBiosAdmin" name="test_seed_personas_fails_when_already_seeded" time="0.121" /><testcase classname="backend.tests.test_cms_phase2.TestPersonaBiosPublic" name="test_get_public_persona_bios_returns_only_visible" time="0.120" /><testcase classname="backend.tests.test_cms_phase2.TestBooksRegression" name="test_get_admin_books_returns_200" time="0.119" /><testcase classname="backend.tests.test_cms_phase2.TestBooksRegression" name="test_get_public_books_returns_200" time="0.105" /><testcase classname="backend.tests.test_cms_phase2.TestBooksRegression" name="test_create_book_still_works" time="0.233" /><testcase classname="backend.tests.test_cms_phase2.TestBooksRegression" name="test_update_book_still_works" time="0.315" /><testcase classname="backend.tests.test_cms_phase2.TestBooksRegression" name="test_delete_book_still_works" time="0.224" /><testcase classname="backend.tests.test_cms_phase2.TestCleanup" name="test_cleanup_test_podcasts" time="0.465" /><testcase classname="backend.tests.test_cms_phase2.TestCleanup" name="test_cleanup_test_books" time="0.098" /></testsuite></testsuites>