<?xml version="1.0" encoding="utf-8"?><testsuites name="pytest tests"><testsuite name="pytest" errors="0" failures="1" skipped="0" tests="20" time="8.171" timestamp="2026-03-01T18:41:13.734431+00:00" hostname="agent-env-3af5a65b-90ff-4c1d-8907-7cae6601984e"><testcase classname="backend.tests.test_backend_api_iteration21.TestAuthenticationAPI" name="test_admin_login_success" time="0.403" /><testcase classname="backend.tests.test_backend_api_iteration21.TestAuthenticationAPI" name="test_staff_login_success" time="0.356" /><testcase classname="backend.tests.test_backend_api_iteration21.TestAuthenticationAPI" name="test_login_invalid_credentials" time="0.101" /><testcase classname="backend.tests.test_backend_api_iteration21.TestShiftsAPI" name="test_get_shifts" time="0.614" /><testcase classname="backend.tests.test_backend_api_iteration21.TestShiftsAPI" name="test_get_today_shifts" time="0.435" /><testcase classname="backend.tests.test_backend_api_iteration21.TestShiftsAPI" name="test_create_shift" time="0.956" /><testcase classname="backend.tests.test_backend_api_iteration21.TestAICharactersAPI" name="test_get_ai_characters" time="0.105" /><testcase classname="backend.tests.test_backend_api_iteration21.TestAICharactersAPI" name="test_get_ai_character_by_id" time="0.105" /><testcase classname="backend.tests.test_backend_api_iteration21.TestAICharactersAPI" name="test_get_ai_character_not_found" time="0.115" /><testcase classname="backend.tests.test_backend_api_iteration21.TestSafeguardingAlertsAPI" name="test_get_safeguarding_alerts" time="0.470" /><testcase classname="backend.tests.test_backend_api_iteration21.TestSafeguardingAlertsAPI" name="test_get_safeguarding_alert_by_id" time="0.560" /><testcase classname="backend.tests.test_backend_api_iteration21.TestCallbacksAPI" name="test_get_callbacks" time="0.539" /><testcase classname="backend.tests.test_backend_api_iteration21.TestCallbacksAPI" name="test_create_callback" time="0.739"><failure message="KeyError: 'name'">backend/tests/test_backend_api_iteration21.py:313: in test_create_callback
    assert data["name"] == test_callback["name"]
           ^^^^^^^^^^^^
E   KeyError: 'name'</failure></testcase><testcase classname="backend.tests.test_backend_api_iteration21.TestCounsellorsAPI" name="test_get_counsellors" time="0.512" /><testcase classname="backend.tests.test_backend_api_iteration21.TestCounsellorsAPI" name="test_get_available_counsellors" time="0.447" /><testcase classname="backend.tests.test_backend_api_iteration21.TestPeerSupportersAPI" name="test_get_peer_supporters" time="0.461" /><testcase classname="backend.tests.test_backend_api_iteration21.TestPeerSupportersAPI" name="test_get_available_peer_supporters" time="0.438" /><testcase classname="backend.tests.test_backend_api_iteration21.TestAdditionalEndpoints" name="test_get_organizations" time="0.115" /><testcase classname="backend.tests.test_backend_api_iteration21.TestAdditionalEndpoints" name="test_get_panic_alerts" time="0.455" /><testcase classname="backend.tests.test_backend_api_iteration21.TestAdditionalEndpoints" name="test_get_content" time="0.107" /></testsuite></testsuites>