<?xml version="1.0" encoding="utf-8"?><testsuites name="pytest tests"><testsuite name="pytest" errors="0" failures="0" skipped="1" tests="15" time="2.333" timestamp="2026-03-08T20:34:05.148224+00:00" hostname="agent-env-b2d777db-1657-4edc-9f92-37fb3f079a6e"><testcase classname="backend.tests.test_lms_events_api.TestLMSCourseAPI" name="test_get_course_info" time="0.258" /><testcase classname="backend.tests.test_lms_events_api.TestVolunteerRegistration" name="test_register_volunteer_success" time="0.125" /><testcase classname="backend.tests.test_lms_events_api.TestVolunteerRegistration" name="test_register_volunteer_without_terms" time="0.129" /><testcase classname="backend.tests.test_lms_events_api.TestAdminRegistrations" name="test_get_all_registrations" time="0.103" /><testcase classname="backend.tests.test_lms_events_api.TestAdminRegistrations" name="test_filter_pending_registrations" time="0.114" /><testcase classname="backend.tests.test_lms_events_api.TestAdminApprove" name="test_approve_registration" time="0.242" /><testcase classname="backend.tests.test_lms_events_api.TestAdminApprove" name="test_approve_invalid_registration" time="0.111" /><testcase classname="backend.tests.test_lms_events_api.TestAdminLearners" name="test_get_all_learners" time="0.104" /><testcase classname="backend.tests.test_lms_events_api.TestLearnerProgress" name="test_get_progress_existing_learner" time="0.236" /><testcase classname="backend.tests.test_lms_events_api.TestLearnerProgress" name="test_get_progress_nonexistent_learner" time="0.125" /><testcase classname="backend.tests.test_lms_events_api.TestEventJoining" name="test_get_upcoming_events" time="0.130" /><testcase classname="backend.tests.test_lms_events_api.TestEventJoining" name="test_join_event_any_time" time="0.242" /><testcase classname="backend.tests.test_lms_events_api.TestEventJoining" name="test_join_cancelled_event_fails" time="0.101"><skipped type="pytest.skip" message="No cancelled events to test">/app/backend/tests/test_lms_events_api.py:288: No cancelled events to test</skipped></testcase><testcase classname="backend.tests.test_lms_events_api.TestLMSAdminAlerts" name="test_get_admin_alerts" time="0.120" /><testcase classname="backend.tests.test_lms_events_api.TestLMSAdminCertificates" name="test_get_certificates" time="0.100" /></testsuite></testsuites>