<?xml version="1.0" encoding="utf-8"?><testsuites name="pytest tests"><testsuite name="pytest" errors="0" failures="1" skipped="0" tests="60" time="4.923" timestamp="2026-03-26T01:35:32.520531+00:00" hostname="agent-env-49097662-bc9e-463f-b573-03a1b7dd1176"><testcase classname="backend.tests.test_p0_cms_hotfix.TestNoCMSHooksInFunctionalPages" name="test_self_care_no_useCMSContent_import" time="0.001" /><testcase classname="backend.tests.test_p0_cms_hotfix.TestNoCMSHooksInFunctionalPages" name="test_self_care_no_useCMSBlocks_import" time="0.000" /><testcase classname="backend.tests.test_p0_cms_hotfix.TestNoCMSHooksInFunctionalPages" name="test_family_friends_no_useCMSContent_import" time="0.000" /><testcase classname="backend.tests.test_p0_cms_hotfix.TestNoCMSHooksInFunctionalPages" name="test_family_friends_no_useCMSBlocks_import" time="0.000" /><testcase classname="backend.tests.test_p0_cms_hotfix.TestNoCMSHooksInFunctionalPages" name="test_peer_support_no_useCMSContent_import" time="0.000" /><testcase classname="backend.tests.test_p0_cms_hotfix.TestNoCMSHooksInFunctionalPages" name="test_peer_support_no_useCMSBlocks_import" time="0.000" /><testcase classname="backend.tests.test_p0_cms_hotfix.TestPersonaDataAvatars" name="test_jack_avatar_is_jack_png" time="0.000" /><testcase classname="backend.tests.test_p0_cms_hotfix.TestPersonaDataAvatars" name="test_kofi_avatar_is_kofi_png" time="0.000" /><testcase classname="backend.tests.test_p0_cms_hotfix.TestPersonaDataAvatars" name="test_sam_avatar_is_sam_png" time="0.000" /><testcase classname="backend.tests.test_p0_cms_hotfix.TestPersonaDataAvatars" name="test_james_avatar_is_james_png" time="0.000" /><testcase classname="backend.tests.test_p0_cms_hotfix.TestPersonaDataAvatars" name="test_baz_avatar_is_baz_png" time="0.000" /><testcase classname="backend.tests.test_p0_cms_hotfix.TestPersonaDataAvatars" name="test_alex_avatar_is_alex_png" time="0.000" /><testcase classname="backend.tests.test_p0_cms_hotfix.TestImageFilesExist" name="test_jack_png_exists" time="0.000" /><testcase classname="backend.tests.test_p0_cms_hotfix.TestImageFilesExist" name="test_kofi_png_exists" time="0.000" /><testcase classname="backend.tests.test_p0_cms_hotfix.TestImageFilesExist" name="test_sam_png_exists" time="0.000" /><testcase classname="backend.tests.test_p0_cms_hotfix.TestImageFilesExist" name="test_james_png_exists" time="0.000" /><testcase classname="backend.tests.test_p0_cms_hotfix.TestImageFilesExist" name="test_baz_png_exists" time="0.000" /><testcase classname="backend.tests.test_p0_cms_hotfix.TestImageFilesExist" name="test_alex_png_exists" time="0.000" /><testcase classname="backend.tests.test_p0_cms_hotfix.TestCMSAPIEndpoints" name="test_self_care_returns_404" time="0.147" /><testcase classname="backend.tests.test_p0_cms_hotfix.TestCMSAPIEndpoints" name="test_compensation_schemes_returns_200" time="0.137" /><testcase classname="backend.tests.test_p0_cms_hotfix.TestCMSAPIEndpoints" name="test_compensation_schemes_has_jack_persona" time="0.116" /><testcase classname="backend.tests.test_p0_cms_hotfix.TestCMSAPIEndpoints" name="test_commonwealth_veterans_returns_200" time="0.113" /><testcase classname="backend.tests.test_p0_cms_hotfix.TestCMSAPIEndpoints" name="test_commonwealth_veterans_has_kofi_persona" time="0.108" /><testcase classname="backend.tests.test_p0_cms_hotfix.TestCMSAPIEndpoints" name="test_faith_service_returns_200" time="0.126" /><testcase classname="backend.tests.test_p0_cms_hotfix.TestCMSAPIEndpoints" name="test_faith_service_has_catherine_persona" time="0.113"><failure message="AssertionError: Expected persona 'catherine', got james&#10;assert 'james' == 'catherine'&#10;  &#10;  - catherine&#10;  + james">backend/tests/test_p0_cms_hotfix.py:193: in test_faith_service_has_catherine_persona
    assert persona == 'catherine', f"Expected persona 'catherine', got {persona}"
E   AssertionError: Expected persona 'catherine', got james
E   assert 'james' == 'catherine'
E     
E     - catherine
E     + james</failure></testcase><testcase classname="backend.tests.test_p0_cms_hotfix.TestAllCMSPagesLoad" name="test_cms_page_returns_200[about]" time="0.129" /><testcase classname="backend.tests.test_p0_cms_hotfix.TestAllCMSPagesLoad" name="test_cms_page_returns_200[for-carers]" time="0.106" /><testcase classname="backend.tests.test_p0_cms_hotfix.TestAllCMSPagesLoad" name="test_cms_page_returns_200[criminal-justice]" time="0.106" /><testcase classname="backend.tests.test_p0_cms_hotfix.TestAllCMSPagesLoad" name="test_cms_page_returns_200[crisis-support]" time="0.103" /><testcase classname="backend.tests.test_p0_cms_hotfix.TestAllCMSPagesLoad" name="test_cms_page_returns_200[he-served]" time="0.104" /><testcase classname="backend.tests.test_p0_cms_hotfix.TestAllCMSPagesLoad" name="test_cms_page_returns_200[historical-investigations]" time="0.129" /><testcase classname="backend.tests.test_p0_cms_hotfix.TestAllCMSPagesLoad" name="test_cms_page_returns_200[compensation-schemes]" time="0.119" /><testcase classname="backend.tests.test_p0_cms_hotfix.TestAllCMSPagesLoad" name="test_cms_page_returns_200[serious-illness]" time="0.099" /><testcase classname="backend.tests.test_p0_cms_hotfix.TestAllCMSPagesLoad" name="test_cms_page_returns_200[recovery-support]" time="0.110" /><testcase classname="backend.tests.test_p0_cms_hotfix.TestAllCMSPagesLoad" name="test_cms_page_returns_200[privacy-policy]" time="0.128" /><testcase classname="backend.tests.test_p0_cms_hotfix.TestAllCMSPagesLoad" name="test_cms_page_returns_200[terms-of-service]" time="0.110" /><testcase classname="backend.tests.test_p0_cms_hotfix.TestAllCMSPagesLoad" name="test_cms_page_returns_200[commonwealth-veterans]" time="0.129" /><testcase classname="backend.tests.test_p0_cms_hotfix.TestAllCMSPagesLoad" name="test_cms_page_returns_200[faith-service]" time="0.106" /><testcase classname="backend.tests.test_p0_cms_hotfix.TestAllCMSPagesLoad" name="test_cms_page_returns_200[substance-support]" time="0.117" /><testcase classname="backend.tests.test_p0_cms_hotfix.TestAllCMSPagesLoad" name="test_cms_page_returns_200[women-veterans]" time="0.096" /><testcase classname="backend.tests.test_p0_cms_hotfix.TestAllCMSPagesLoad" name="test_cms_page_returns_200[money-benefits]" time="0.107" /><testcase classname="backend.tests.test_p0_cms_hotfix.TestAllCMSPagesLoad" name="test_cms_page_has_blocks[about]" time="0.149" /><testcase classname="backend.tests.test_p0_cms_hotfix.TestAllCMSPagesLoad" name="test_cms_page_has_blocks[for-carers]" time="0.105" /><testcase classname="backend.tests.test_p0_cms_hotfix.TestAllCMSPagesLoad" name="test_cms_page_has_blocks[criminal-justice]" time="0.108" /><testcase classname="backend.tests.test_p0_cms_hotfix.TestAllCMSPagesLoad" name="test_cms_page_has_blocks[crisis-support]" time="0.110" /><testcase classname="backend.tests.test_p0_cms_hotfix.TestAllCMSPagesLoad" name="test_cms_page_has_blocks[he-served]" time="0.114" /><testcase classname="backend.tests.test_p0_cms_hotfix.TestAllCMSPagesLoad" name="test_cms_page_has_blocks[historical-investigations]" time="0.105" /><testcase classname="backend.tests.test_p0_cms_hotfix.TestAllCMSPagesLoad" name="test_cms_page_has_blocks[compensation-schemes]" time="0.127" /><testcase classname="backend.tests.test_p0_cms_hotfix.TestAllCMSPagesLoad" name="test_cms_page_has_blocks[serious-illness]" time="0.112" /><testcase classname="backend.tests.test_p0_cms_hotfix.TestAllCMSPagesLoad" name="test_cms_page_has_blocks[recovery-support]" time="0.111" /><testcase classname="backend.tests.test_p0_cms_hotfix.TestAllCMSPagesLoad" name="test_cms_page_has_blocks[privacy-policy]" time="0.121" /><testcase classname="backend.tests.test_p0_cms_hotfix.TestAllCMSPagesLoad" name="test_cms_page_has_blocks[terms-of-service]" time="0.106" /><testcase classname="backend.tests.test_p0_cms_hotfix.TestAllCMSPagesLoad" name="test_cms_page_has_blocks[commonwealth-veterans]" time="0.109" /><testcase classname="backend.tests.test_p0_cms_hotfix.TestAllCMSPagesLoad" name="test_cms_page_has_blocks[faith-service]" time="0.115" /><testcase classname="backend.tests.test_p0_cms_hotfix.TestAllCMSPagesLoad" name="test_cms_page_has_blocks[substance-support]" time="0.109" /><testcase classname="backend.tests.test_p0_cms_hotfix.TestAllCMSPagesLoad" name="test_cms_page_has_blocks[women-veterans]" time="0.107" /><testcase classname="backend.tests.test_p0_cms_hotfix.TestAllCMSPagesLoad" name="test_cms_page_has_blocks[money-benefits]" time="0.111" /><testcase classname="backend.tests.test_p0_cms_hotfix.TestNonCMSPagesReturn404" name="test_non_cms_page_returns_404[self-care]" time="0.123" /><testcase classname="backend.tests.test_p0_cms_hotfix.TestNonCMSPagesReturn404" name="test_non_cms_page_returns_404[peer-support]" time="0.120" /><testcase classname="backend.tests.test_p0_cms_hotfix.TestNonCMSPagesReturn404" name="test_non_cms_page_returns_404[family-friends]" time="0.109" /></testsuite></testsuites>