<?xml version="1.0" encoding="utf-8"?><testsuites name="pytest tests"><testsuite name="pytest" errors="0" failures="0" skipped="0" tests="27" time="2.725" timestamp="2026-03-01T00:29:02.783178+00:00" hostname="agent-env-8b884269-58c6-42b7-9662-92b668169bc2"><testcase classname="tests.test_case_management.TestMorningQueueAPI" name="test_morning_queue_requires_auth" time="0.229" /><testcase classname="tests.test_case_management.TestMorningQueueAPI" name="test_morning_queue_returns_categorized_alerts" time="0.429" /><testcase classname="tests.test_case_management.TestCaseCRUDAPI" name="test_get_cases_requires_auth" time="0.048" /><testcase classname="tests.test_case_management.TestCaseCRUDAPI" name="test_get_all_cases" time="0.053" /><testcase classname="tests.test_case_management.TestCaseCRUDAPI" name="test_get_cases_with_status_filter" time="0.067" /><testcase classname="tests.test_case_management.TestCaseCRUDAPI" name="test_create_case_requires_auth" time="0.060" /><testcase classname="tests.test_case_management.TestCaseCRUDAPI" name="test_create_case_requires_valid_alert" time="0.053" /><testcase classname="tests.test_case_management.TestTriageSessionsAPI" name="test_add_session_requires_auth" time="0.048" /><testcase classname="tests.test_case_management.TestTriageSessionsAPI" name="test_add_session_to_nonexistent_case" time="0.047" /><testcase classname="tests.test_case_management.TestTriageSessionsAPI" name="test_add_session_structure" time="0.122" /><testcase classname="tests.test_case_management.TestSafetyPlanAPI" name="test_update_safety_plan_requires_auth" time="0.053" /><testcase classname="tests.test_case_management.TestSafetyPlanAPI" name="test_update_safety_plan_nonexistent_case" time="0.071" /><testcase classname="tests.test_case_management.TestSafetyPlanAPI" name="test_create_update_safety_plan" time="0.128" /><testcase classname="tests.test_case_management.TestReferralAPI" name="test_create_referral_requires_auth" time="0.053" /><testcase classname="tests.test_case_management.TestReferralAPI" name="test_create_referral_nonexistent_case" time="0.058" /><testcase classname="tests.test_case_management.TestReferralAPI" name="test_create_referral" time="0.119" /><testcase classname="tests.test_case_management.TestHandoffSummaryAPI" name="test_handoff_summary_requires_auth" time="0.052" /><testcase classname="tests.test_case_management.TestHandoffSummaryAPI" name="test_handoff_summary_nonexistent_case" time="0.052" /><testcase classname="tests.test_case_management.TestHandoffSummaryAPI" name="test_handoff_summary_generation" time="0.108" /><testcase classname="tests.test_case_management.TestCaseAccessControl" name="test_staff_can_access_cases" time="0.394" /><testcase classname="tests.test_case_management.TestCaseAccessControl" name="test_case_detail_access" time="0.097" /><testcase classname="tests.test_case_management.TestCaseOptionsEndpoints" name="test_get_protective_factors" time="0.051" /><testcase classname="tests.test_case_management.TestCaseOptionsEndpoints" name="test_get_warning_signs" time="0.054" /><testcase classname="tests.test_case_management.TestCaseOptionsEndpoints" name="test_get_session_actions" time="0.048" /><testcase classname="tests.test_case_management.TestCaseOptionsEndpoints" name="test_get_referral_services" time="0.045" /><testcase classname="tests.test_case_management.TestMonitoringCases" name="test_monitoring_cases_requires_auth" time="0.045" /><testcase classname="tests.test_case_management.TestMonitoringCases" name="test_get_monitoring_cases" time="0.045" /></testsuite></testsuites>