<?xml version="1.0" encoding="utf-8"?><testsuites name="pytest tests"><testsuite name="pytest" errors="0" failures="0" skipped="0" tests="13" time="2.302" timestamp="2026-02-26T21:06:14.835867+00:00" hostname="agent-env-e5e4272e-e961-4586-9289-292c89b5ae32"><testcase classname="tests.test_safeguarding_phase2.TestStaffAuthentication" name="test_staff_login_sharon" time="0.495" /><testcase classname="tests.test_safeguarding_phase2.TestStaffAuthentication" name="test_admin_login" time="0.475" /><testcase classname="tests.test_safeguarding_phase2.TestSafeguardingAlertsAPI" name="test_safeguarding_alerts_have_session_id" time="0.751" /><testcase classname="tests.test_safeguarding_phase2.TestSafeguardingAlertsAPI" name="test_safeguarding_alerts_structure" time="0.504" /><testcase classname="tests.test_safeguarding_phase2.TestStaffPortalCodeImplementation" name="test_data_session_id_attribute_in_app_js" time="0.001" /><testcase classname="tests.test_safeguarding_phase2.TestStaffPortalCodeImplementation" name="test_accept_pending_chat_from_alert_function" time="0.000" /><testcase classname="tests.test_safeguarding_phase2.TestStaffPortalCodeImplementation" name="test_setup_live_chat_request_listeners" time="0.000" /><testcase classname="tests.test_safeguarding_phase2.TestBackendWebRTCSignaling" name="test_request_human_chat_includes_session_id" time="0.000" /><testcase classname="tests.test_safeguarding_phase2.TestBackendWebRTCSignaling" name="test_incoming_chat_request_event_structure" time="0.000" /><testcase classname="tests.test_safeguarding_phase2.TestFrontendChatScreens" name="test_character_chat_passes_session_id" time="0.000" /><testcase classname="tests.test_safeguarding_phase2.TestFrontendChatScreens" name="test_unified_chat_passes_session_id" time="0.000" /><testcase classname="tests.test_safeguarding_phase2.TestFrontendChatScreens" name="test_live_chat_receives_and_uses_session_id" time="0.000" /><testcase classname="tests.test_safeguarding_phase2.TestCSSStyles" name="test_user_request_indicator_css" time="0.000" /></testsuite></testsuites>