<?xml version="1.0" encoding="utf-8"?><testsuites name="pytest tests"><testsuite name="pytest" errors="0" failures="0" skipped="0" tests="22" time="3.832" timestamp="2026-03-25T18:51:45.619357+00:00" hostname="agent-env-a1eae7f4-c513-4b28-8db4-28effa3fa4d5"><testcase classname="backend.tests.test_cms_for_carers_blocks.TestForCarersSeedEndpoint" name="test_seed_for_carers_page_returns_200" time="0.270" /><testcase classname="backend.tests.test_cms_for_carers_blocks.TestForCarersSeedEndpoint" name="test_seed_is_idempotent" time="0.314" /><testcase classname="backend.tests.test_cms_for_carers_blocks.TestForCarersPublicEndpoint" name="test_get_for_carers_page_returns_200" time="0.110" /><testcase classname="backend.tests.test_cms_for_carers_blocks.TestForCarersPublicEndpoint" name="test_for_carers_page_has_24_blocks" time="0.126" /><testcase classname="backend.tests.test_cms_for_carers_blocks.TestForCarersPublicEndpoint" name="test_for_carers_page_status_is_published" time="0.112" /><testcase classname="backend.tests.test_cms_for_carers_blocks.TestForCarersPublicEndpoint" name="test_for_carers_page_linked_persona_is_helen" time="0.104" /><testcase classname="backend.tests.test_cms_for_carers_blocks.TestBlockStructure" name="test_each_block_has_type_and_props" time="0.183" /><testcase classname="backend.tests.test_cms_for_carers_blocks.TestBlockStructure" name="test_block_types_are_valid" time="0.176" /><testcase classname="backend.tests.test_cms_for_carers_blocks.TestBlockStructure" name="test_chat_banner_references_helen" time="0.126" /><testcase classname="backend.tests.test_cms_for_carers_blocks.TestBlockStructure" name="test_support_cards_have_required_fields" time="0.150" /><testcase classname="backend.tests.test_cms_for_carers_blocks.TestBlockStructure" name="test_callout_blocks_count" time="0.132" /><testcase classname="backend.tests.test_cms_for_carers_blocks.TestBlockStructure" name="test_crisis_footer_exists" time="0.126" /><testcase classname="backend.tests.test_cms_for_carers_blocks.TestAdminPagesEndpoint" name="test_admin_list_pages_returns_200" time="0.189" /><testcase classname="backend.tests.test_cms_for_carers_blocks.TestAdminPagesEndpoint" name="test_admin_list_includes_for_carers" time="0.112" /><testcase classname="backend.tests.test_cms_for_carers_blocks.TestAdminPagesEndpoint" name="test_admin_list_pages_have_blocks_field" time="0.123" /><testcase classname="backend.tests.test_cms_for_carers_blocks.TestAdminGetSinglePage" name="test_admin_get_for_carers_returns_full_content" time="0.107" /><testcase classname="backend.tests.test_cms_for_carers_blocks.TestUpdateForCarersPage" name="test_update_blocks_array" time="0.535" /><testcase classname="backend.tests.test_cms_for_carers_blocks.TestExistingPoCPagesRegression" name="test_about_page_still_works" time="0.282" /><testcase classname="backend.tests.test_cms_for_carers_blocks.TestExistingPoCPagesRegression" name="test_criminal_justice_page_still_works" time="0.109" /><testcase classname="backend.tests.test_cms_for_carers_blocks.TestExistingPoCPagesRegression" name="test_privacy_policy_page_still_works" time="0.108" /><testcase classname="backend.tests.test_cms_for_carers_blocks.TestExistingPoCPagesRegression" name="test_all_four_pages_in_admin_list" time="0.131" /><testcase classname="backend.tests.test_cms_for_carers_blocks.TestBlockTypeCounts" name="test_block_type_distribution" time="0.113" /></testsuite></testsuites>