<?xml version="1.0" encoding="utf-8"?><testsuites name="pytest tests"><testsuite name="pytest" errors="0" failures="0" skipped="0" tests="14" time="7.013" timestamp="2026-03-24T20:16:31.460650+00:00" hostname="agent-env-a3cccdf4-118e-48eb-b6e5-6aa9b5d71660"><testcase classname="tests.test_new_personas.TestNewPersonasInCharactersEndpoint" name="test_characters_endpoint_returns_200" time="0.207" /><testcase classname="tests.test_new_personas.TestNewPersonasInCharactersEndpoint" name="test_dave_in_characters_list" time="0.113" /><testcase classname="tests.test_new_personas.TestNewPersonasInCharactersEndpoint" name="test_mo_in_characters_list" time="0.163" /><testcase classname="tests.test_new_personas.TestNewPersonasInCharactersEndpoint" name="test_helen_in_characters_list" time="0.127" /><testcase classname="tests.test_new_personas.TestNewPersonasInCharactersEndpoint" name="test_reg_in_characters_list" time="0.160" /><testcase classname="tests.test_new_personas.TestChatWithNewPersonas" name="test_chat_with_dave_returns_dave" time="1.925" /><testcase classname="tests.test_new_personas.TestChatWithNewPersonas" name="test_chat_with_mo_returns_mo" time="0.757" /><testcase classname="tests.test_new_personas.TestChatWithNewPersonas" name="test_chat_with_helen_returns_helen" time="1.064" /><testcase classname="tests.test_new_personas.TestChatWithNewPersonas" name="test_chat_with_reg_returns_reg" time="0.699" /><testcase classname="tests.test_new_personas.TestRegressionTommy" name="test_chat_with_tommy_still_works" time="1.731" /><testcase classname="tests.test_new_personas.TestPersonaPromptContent" name="test_dave_prompt_contains_mens_health" time="0.002" /><testcase classname="tests.test_new_personas.TestPersonaPromptContent" name="test_mo_prompt_contains_recovery" time="0.000" /><testcase classname="tests.test_new_personas.TestPersonaPromptContent" name="test_helen_prompt_contains_carer" time="0.000" /><testcase classname="tests.test_new_personas.TestPersonaPromptContent" name="test_reg_prompt_contains_illness" time="0.000" /></testsuite></testsuites>