<?xml version="1.0" encoding="utf-8"?><testsuites name="pytest tests"><testsuite name="pytest" errors="0" failures="0" skipped="2" tests="14" time="19.806" timestamp="2026-03-26T20:49:01.665226+00:00" hostname="agent-env-49097662-bc9e-463f-b573-03a1b7dd1176"><testcase classname="tests.test_grace_greeter.TestGraceGreeterSettings" name="test_get_grace_greeter_default_off" time="0.211" /><testcase classname="tests.test_grace_greeter.TestGraceGreeterSettings" name="test_put_grace_greeter_requires_auth" time="0.123" /><testcase classname="tests.test_grace_greeter.TestGraceChatAPI" name="test_grace_chat_returns_valid_response" time="1.351" /><testcase classname="tests.test_grace_greeter.TestGraceChatAPI" name="test_grace_opening_message_style" time="9.163" /><testcase classname="tests.test_grace_greeter.TestGraceChatAPI" name="test_grace_responds_to_help_request" time="2.378" /><testcase classname="tests.test_grace_greeter.TestGraceChatAPI" name="test_grace_safeguarding_response" time="2.494" /><testcase classname="tests.test_grace_greeter.TestGracePersonaRegistration" name="test_grace_chat_works_even_if_not_in_characters_list" time="3.665" /><testcase classname="tests.test_grace_greeter.TestGracePersonaRegistration" name="test_grace_avatar_in_public_images" time="0.000" /><testcase classname="tests.test_grace_greeter.TestGracePersonaFile" name="test_grace_persona_file_exists" time="0.000" /><testcase classname="tests.test_grace_greeter.TestGracePersonaFile" name="test_grace_persona_has_required_fields" time="0.002" /><testcase classname="tests.test_grace_greeter.TestGracePersonaFile" name="test_grace_prompt_contains_key_elements" time="0.000" /><testcase classname="tests.test_grace_greeter.TestGracePersonaFile" name="test_grace_registered_in_init" time="0.000" /><testcase classname="tests.test_grace_greeter.TestGraceGreeterToggleWithAuth" name="test_toggle_grace_on_with_auth" time="0.215"><skipped type="pytest.skip" message="Admin token not available - skipping auth test">/app/backend/tests/test_grace_greeter.py:240: Admin token not available - skipping auth test</skipped></testcase><testcase classname="tests.test_grace_greeter.TestGraceGreeterToggleWithAuth" name="test_toggle_grace_off_with_auth" time="0.129"><skipped type="pytest.skip" message="Admin token not available - skipping auth test">/app/backend/tests/test_grace_greeter.py:265: Admin token not available - skipping auth test</skipped></testcase></testsuite></testsuites>