<?xml version="1.0" encoding="utf-8"?><testsuites name="pytest tests"><testsuite name="pytest" errors="0" failures="0" skipped="0" tests="22" time="4.008" timestamp="2026-03-25T20:58:04.131947+00:00" hostname="agent-env-a1eae7f4-c513-4b28-8db4-28effa3fa4d5"><testcase classname="tests.test_cms_visual_editor.TestPersonasEndpoint" name="test_personas_endpoint_returns_200" time="0.320" /><testcase classname="tests.test_cms_visual_editor.TestPersonasEndpoint" name="test_personas_returns_20_personas" time="0.144" /><testcase classname="tests.test_cms_visual_editor.TestPersonasEndpoint" name="test_each_persona_has_required_fields" time="0.155" /><testcase classname="tests.test_cms_visual_editor.TestPersonasEndpoint" name="test_persona_ids_are_unique" time="0.160" /><testcase classname="tests.test_cms_visual_editor.TestPersonasEndpoint" name="test_persona_accent_colors_are_valid_hex" time="0.100" /><testcase classname="tests.test_cms_visual_editor.TestPersonasEndpoint" name="test_known_personas_exist" time="0.101" /><testcase classname="tests.test_cms_visual_editor.TestImageUploadEndpoint" name="test_upload_valid_png_image" time="0.109" /><testcase classname="tests.test_cms_visual_editor.TestImageUploadEndpoint" name="test_upload_valid_jpeg_image" time="0.164" /><testcase classname="tests.test_cms_visual_editor.TestImageUploadEndpoint" name="test_upload_rejects_non_image_file" time="0.121" /><testcase classname="tests.test_cms_visual_editor.TestImageUploadEndpoint" name="test_upload_rejects_pdf_file" time="0.164" /><testcase classname="tests.test_cms_visual_editor.TestImageUploadEndpoint" name="test_upload_rejects_oversized_file" time="0.389" /><testcase classname="tests.test_cms_visual_editor.TestServeUploadedImages" name="test_serve_uploaded_image" time="0.306" /><testcase classname="tests.test_cms_visual_editor.TestServeUploadedImages" name="test_serve_nonexistent_image_returns_404" time="0.106" /><testcase classname="tests.test_cms_visual_editor.TestForCarersPageBlocks" name="test_get_for_carers_page_returns_200" time="0.120" /><testcase classname="tests.test_cms_visual_editor.TestForCarersPageBlocks" name="test_for_carers_page_has_blocks_array" time="0.108" /><testcase classname="tests.test_cms_visual_editor.TestForCarersPageBlocks" name="test_blocks_have_type_and_props" time="0.134" /><testcase classname="tests.test_cms_visual_editor.TestForCarersPageBlocks" name="test_expected_block_types_exist" time="0.148" /><testcase classname="tests.test_cms_visual_editor.TestForCarersPageBlocks" name="test_seed_endpoint_works" time="0.114" /><testcase classname="tests.test_cms_visual_editor.TestForCarersPageBlocks" name="test_seed_creates_24_blocks" time="0.252" /><testcase classname="tests.test_cms_visual_editor.TestAdminPagesEndpoint" name="test_admin_pages_returns_200" time="0.121" /><testcase classname="tests.test_cms_visual_editor.TestAdminPagesEndpoint" name="test_admin_pages_includes_for_carers" time="0.110" /><testcase classname="tests.test_cms_visual_editor.TestUpdateForCarersBlocks" name="test_update_blocks_via_put" time="0.492" /></testsuite></testsuites>