<?xml version="1.0" encoding="utf-8"?><testsuites name="pytest tests"><testsuite name="pytest" errors="0" failures="0" skipped="0" tests="12" time="0.254" timestamp="2026-03-21T14:38:48.449936+00:00" hostname="agent-env-5512f2b4-4d58-4592-b07c-d9d0186cf971"><testcase classname="tests.test_webrtc_call_flow.TestWebRTCEndCallHandler" name="test_webrtc_end_call_handler_exists" time="0.001" /><testcase classname="tests.test_webrtc_call_flow.TestWebRTCEndCallHandler" name="test_webrtc_end_call_emits_call_ended_to_other_party" time="0.003" /><testcase classname="tests.test_webrtc_call_flow.TestWebRTCEndCallHandler" name="test_webrtc_end_call_removes_from_active_calls" time="0.002" /><testcase classname="tests.test_webrtc_call_flow.TestWebRTCEndCallHandler" name="test_webrtc_end_call_resets_statuses" time="0.001" /><testcase classname="tests.test_webrtc_call_flow.TestCallRequestClaimedBroadcast" name="test_accept_call_request_broadcasts_claimed_to_other_staff" time="0.002" /><testcase classname="tests.test_webrtc_call_flow.TestCallRequestClaimedBroadcast" name="test_accept_call_request_notifies_user" time="0.001" /><testcase classname="tests.test_webrtc_call_flow.TestPortalCallRequestClaimedHandler" name="test_portal_has_call_request_claimed_handler" time="0.000" /><testcase classname="tests.test_webrtc_call_flow.TestPortalCallRequestClaimedHandler" name="test_portal_handler_checks_request_id" time="0.000" /><testcase classname="tests.test_webrtc_call_flow.TestMobileAppCallEndedHandler" name="test_mobile_app_has_call_ended_handler" time="0.000" /><testcase classname="tests.test_webrtc_call_flow.TestMobileAppCallEndedHandler" name="test_mobile_app_cleanup_function_exists" time="0.000" /><testcase classname="tests.test_webrtc_call_flow.TestBackendEventHandlerRegistration" name="test_webrtc_end_call_is_registered_as_event" time="0.000" /><testcase classname="tests.test_webrtc_call_flow.TestBackendEventHandlerRegistration" name="test_accept_call_request_is_registered_as_event" time="0.000" /></testsuite></testsuites>