<?xml version="1.0" encoding="utf-8"?><testsuites name="pytest tests"><testsuite name="pytest" errors="0" failures="0" skipped="0" tests="14" time="12.243" timestamp="2026-03-19T00:34:14.671638+00:00" hostname="agent-env-c4c57be2-b667-4d46-a741-81eda7856c02"><testcase classname="backend.tests.test_staff_portal_migration.TestStaffLogin" name="test_staff_login_success" time="5.516" /><testcase classname="backend.tests.test_staff_portal_migration.TestStaffLogin" name="test_login_invalid_credentials" time="0.189" /><testcase classname="backend.tests.test_staff_portal_migration.TestProfileLoading" name="test_counsellors_endpoint" time="0.609" /><testcase classname="backend.tests.test_staff_portal_migration.TestProfileLoading" name="test_peer_supporters_endpoint" time="0.554" /><testcase classname="backend.tests.test_staff_portal_migration.TestProfileLoading" name="test_profile_matches_logged_in_user" time="0.576" /><testcase classname="backend.tests.test_staff_portal_migration.TestStatusUpdates" name="test_status_update_available" time="0.675" /><testcase classname="backend.tests.test_staff_portal_migration.TestStatusUpdates" name="test_status_update_limited" time="0.631" /><testcase classname="backend.tests.test_staff_portal_migration.TestStatusUpdates" name="test_status_update_unavailable" time="0.682" /><testcase classname="backend.tests.test_staff_portal_migration.TestLiveChatAPI" name="test_get_live_chat_rooms" time="0.770" /><testcase classname="backend.tests.test_staff_portal_migration.TestAICharactersAPI" name="test_ai_characters_returns_sorted_by_order" time="0.158" /><testcase classname="backend.tests.test_staff_portal_migration.TestAICharactersAPI" name="test_ai_characters_have_required_fields" time="0.145" /><testcase classname="backend.tests.test_staff_portal_migration.TestCallbacksAPI" name="test_get_callbacks" time="0.592" /><testcase classname="backend.tests.test_staff_portal_migration.TestSafeguardingAlertsAPI" name="test_get_safeguarding_alerts" time="0.577" /><testcase classname="backend.tests.test_staff_portal_migration.TestCasesAPI" name="test_get_cases" time="0.494" /></testsuite></testsuites>