<?xml version="1.0" encoding="utf-8"?><testsuites name="pytest tests"><testsuite name="pytest" errors="0" failures="0" skipped="0" tests="20" time="7.975" timestamp="2026-03-01T18:41:41.810830+00:00" hostname="agent-env-3af5a65b-90ff-4c1d-8907-7cae6601984e"><testcase classname="backend.tests.test_backend_api_iteration21.TestAuthenticationAPI" name="test_admin_login_success" time="0.392" /><testcase classname="backend.tests.test_backend_api_iteration21.TestAuthenticationAPI" name="test_staff_login_success" time="0.345" /><testcase classname="backend.tests.test_backend_api_iteration21.TestAuthenticationAPI" name="test_login_invalid_credentials" time="0.116" /><testcase classname="backend.tests.test_backend_api_iteration21.TestShiftsAPI" name="test_get_shifts" time="0.600" /><testcase classname="backend.tests.test_backend_api_iteration21.TestShiftsAPI" name="test_get_today_shifts" time="0.447" /><testcase classname="backend.tests.test_backend_api_iteration21.TestShiftsAPI" name="test_create_shift" time="0.972" /><testcase classname="backend.tests.test_backend_api_iteration21.TestAICharactersAPI" name="test_get_ai_characters" time="0.119" /><testcase classname="backend.tests.test_backend_api_iteration21.TestAICharactersAPI" name="test_get_ai_character_by_id" time="0.114" /><testcase classname="backend.tests.test_backend_api_iteration21.TestAICharactersAPI" name="test_get_ai_character_not_found" time="0.102" /><testcase classname="backend.tests.test_backend_api_iteration21.TestSafeguardingAlertsAPI" name="test_get_safeguarding_alerts" time="0.461" /><testcase classname="backend.tests.test_backend_api_iteration21.TestSafeguardingAlertsAPI" name="test_get_safeguarding_alert_by_id" time="0.574" /><testcase classname="backend.tests.test_backend_api_iteration21.TestCallbacksAPI" name="test_get_callbacks" time="0.451" /><testcase classname="backend.tests.test_backend_api_iteration21.TestCallbacksAPI" name="test_create_callback" time="0.687" /><testcase classname="backend.tests.test_backend_api_iteration21.TestCounsellorsAPI" name="test_get_counsellors" time="0.439" /><testcase classname="backend.tests.test_backend_api_iteration21.TestCounsellorsAPI" name="test_get_available_counsellors" time="0.456" /><testcase classname="backend.tests.test_backend_api_iteration21.TestPeerSupportersAPI" name="test_get_peer_supporters" time="0.453" /><testcase classname="backend.tests.test_backend_api_iteration21.TestPeerSupportersAPI" name="test_get_available_peer_supporters" time="0.460" /><testcase classname="backend.tests.test_backend_api_iteration21.TestAdditionalEndpoints" name="test_get_organizations" time="0.110" /><testcase classname="backend.tests.test_backend_api_iteration21.TestAdditionalEndpoints" name="test_get_panic_alerts" time="0.473" /><testcase classname="backend.tests.test_backend_api_iteration21.TestAdditionalEndpoints" name="test_get_content" time="0.113" /></testsuite></testsuites>