<?xml version="1.0" encoding="utf-8"?><testsuites name="pytest tests"><testsuite name="pytest" errors="0" failures="0" skipped="0" tests="18" time="3.042" timestamp="2026-04-21T10:08:07.264730+00:00" hostname="agent-env-b61c62a5-f3e6-41f0-a995-4ac374b5162b"><testcase classname="backend.tests.test_debrief.TestDebriefPortal" name="test_debrief_portal_loads" time="0.177" /><testcase classname="backend.tests.test_debrief.TestDebriefPortal" name="test_debrief_portal_contains_all_sections" time="0.112" /><testcase classname="backend.tests.test_debrief.TestDebriefPortal" name="test_debrief_portal_contains_form_elements" time="0.108" /><testcase classname="backend.tests.test_debrief.TestDebriefSubmission" name="test_submit_minimal_feedback" time="0.142" /><testcase classname="backend.tests.test_debrief.TestDebriefSubmission" name="test_submit_full_feedback" time="0.103" /><testcase classname="backend.tests.test_debrief.TestDebriefSubmission" name="test_submit_with_rating_validation" time="0.104" /><testcase classname="backend.tests.test_debrief.TestDebriefSubmission" name="test_submit_with_invalid_rating" time="0.151" /><testcase classname="backend.tests.test_debrief.TestDebriefSubmission" name="test_submit_with_personas_list" time="0.102" /><testcase classname="backend.tests.test_debrief.TestDebriefSubmissions" name="test_get_all_submissions" time="0.108" /><testcase classname="backend.tests.test_debrief.TestDebriefSubmissions" name="test_submissions_exclude_mongo_id" time="0.104" /><testcase classname="backend.tests.test_debrief.TestDebriefSubmissions" name="test_submissions_have_required_fields" time="0.106" /><testcase classname="backend.tests.test_debrief.TestDebriefSummary" name="test_get_summary" time="0.101" /><testcase classname="backend.tests.test_debrief.TestDebriefSummary" name="test_summary_averages_structure" time="0.106" /><testcase classname="backend.tests.test_debrief.TestDebriefSummary" name="test_summary_distributions_structure" time="0.108" /><testcase classname="backend.tests.test_debrief.TestDebriefExports" name="test_export_csv" time="0.117" /><testcase classname="backend.tests.test_debrief.TestDebriefExports" name="test_export_pdf" time="0.649" /><testcase classname="backend.tests.test_debrief.TestDebriefIntegration" name="test_submit_and_retrieve" time="0.211" /><testcase classname="backend.tests.test_debrief.TestDebriefIntegration" name="test_submit_affects_summary" time="0.335" /></testsuite></testsuites>