<?xml version="1.0" encoding="utf-8"?><testsuites name="pytest tests"><testsuite name="pytest" errors="0" failures="0" skipped="0" tests="23" time="4.673" timestamp="2026-03-01T00:43:39.631468+00:00" hostname="agent-env-8b884269-58c6-42b7-9662-92b668169bc2"><testcase classname="backend.tests.test_ai_characters_cms.TestPublicEndpoints" name="test_get_all_characters_public" time="0.219" /><testcase classname="backend.tests.test_ai_characters_cms.TestPublicEndpoints" name="test_get_all_characters_has_expected_fields" time="0.122" /><testcase classname="backend.tests.test_ai_characters_cms.TestPublicEndpoints" name="test_get_single_character_public" time="0.152" /><testcase classname="backend.tests.test_ai_characters_cms.TestPublicEndpoints" name="test_get_character_not_found" time="0.128" /><testcase classname="backend.tests.test_ai_characters_cms.TestPublicEndpoints" name="test_tommy_description_updated_via_cms" time="0.111" /><testcase classname="backend.tests.test_ai_characters_cms.TestAdminEndpoints" name="test_admin_get_all_characters" time="0.562" /><testcase classname="backend.tests.test_ai_characters_cms.TestAdminEndpoints" name="test_admin_get_all_without_auth" time="0.117" /><testcase classname="backend.tests.test_ai_characters_cms.TestAdminEndpoints" name="test_admin_get_single_character" time="0.120" /><testcase classname="backend.tests.test_ai_characters_cms.TestCreateCharacter" name="test_create_character_success" time="0.399" /><testcase classname="backend.tests.test_ai_characters_cms.TestCreateCharacter" name="test_create_character_requires_auth" time="0.380" /><testcase classname="backend.tests.test_ai_characters_cms.TestCreateCharacter" name="test_create_duplicate_id_fails" time="0.113" /><testcase classname="backend.tests.test_ai_characters_cms.TestUpdateCharacter" name="test_update_character_description" time="0.462" /><testcase classname="backend.tests.test_ai_characters_cms.TestUpdateCharacter" name="test_update_requires_auth" time="0.106" /><testcase classname="backend.tests.test_ai_characters_cms.TestUpdateCharacter" name="test_update_nonexistent_character" time="0.123" /><testcase classname="backend.tests.test_ai_characters_cms.TestDeleteCharacter" name="test_delete_created_character" time="0.425" /><testcase classname="backend.tests.test_ai_characters_cms.TestDeleteCharacter" name="test_delete_requires_auth" time="0.108" /><testcase classname="backend.tests.test_ai_characters_cms.TestSeedFromHardcoded" name="test_seed_endpoint_exists" time="0.154" /><testcase classname="backend.tests.test_ai_characters_cms.TestSeedFromHardcoded" name="test_seed_requires_auth" time="0.114" /><testcase classname="backend.tests.test_ai_characters_cms.TestBuddyChatIntegration" name="test_buddy_chat_uses_database_character" time="0.116" /><testcase classname="backend.tests.test_ai_characters_cms.TestBuddyChatIntegration" name="test_get_character_config_helper_logic" time="0.117" /><testcase classname="backend.tests.test_ai_characters_cms.TestCharacterFields" name="test_character_has_all_cms_fields" time="0.123" /><testcase classname="backend.tests.test_ai_characters_cms.TestCharacterFields" name="test_character_categories" time="0.180" /><testcase classname="backend.tests.test_ai_characters_cms.TestCharacterFields" name="test_character_ordering" time="0.134" /></testsuite></testsuites>