<?xml version="1.0" encoding="utf-8"?><testsuites name="pytest tests"><testsuite name="pytest" errors="0" failures="0" skipped="0" tests="60" time="6.893" timestamp="2026-03-24T10:51:40.946731+00:00" hostname="agent-env-389df3dd-7e59-46c5-a822-adbf9aff59a1"><testcase classname="tests.test_tommy_safeguarding_overhaul.TestTommyPersona" name="test_basic_identity" time="0.002" /><testcase classname="tests.test_tommy_safeguarding_overhaul.TestTommyPersona" name="test_trauma_informed_responses" time="0.000" /><testcase classname="tests.test_tommy_safeguarding_overhaul.TestTommyPersona" name="test_anti_dependency_architecture" time="0.000" /><testcase classname="tests.test_tommy_safeguarding_overhaul.TestTommyPersona" name="test_dark_humour_tolerance" time="0.000" /><testcase classname="tests.test_tommy_safeguarding_overhaul.TestTommyPersona" name="test_anger_tolerance" time="0.000" /><testcase classname="tests.test_tommy_safeguarding_overhaul.TestTommyPersona" name="test_honest_ai_identity" time="0.000" /><testcase classname="tests.test_tommy_safeguarding_overhaul.TestTommyPersona" name="test_session_presence" time="0.002" /><testcase classname="tests.test_tommy_safeguarding_overhaul.TestTommyPersona" name="test_banned_phrases_awareness" time="0.000" /><testcase classname="tests.test_tommy_safeguarding_overhaul.TestTommyPersona" name="test_not_a_therapist" time="0.000" /><testcase classname="tests.test_tommy_safeguarding_overhaul.TestTommyPersona" name="test_grief_protocol_present" time="0.000" /><testcase classname="tests.test_tommy_safeguarding_overhaul.TestNegationHandling" name="test_scenario_008_exact" time="1.569" /><testcase classname="tests.test_tommy_safeguarding_overhaul.TestNegationHandling" name="test_scenario_008_variant_no_quotes" time="0.000" /><testcase classname="tests.test_tommy_safeguarding_overhaul.TestNegationHandling" name="test_scenario_008_variant_double_quotes" time="0.000" /><testcase classname="tests.test_tommy_safeguarding_overhaul.TestNegationHandling" name="test_explicit_denial_not_suicidal" time="0.000" /><testcase classname="tests.test_tommy_safeguarding_overhaul.TestNegationHandling" name="test_explicit_denial_just_tired" time="0.000" /><testcase classname="tests.test_tommy_safeguarding_overhaul.TestNegationHandling" name="test_genuine_risk_not_negated" time="0.001" /><testcase classname="tests.test_tommy_safeguarding_overhaul.TestNegationHandling" name="test_genuine_risk_end_it_all" time="0.000" /><testcase classname="tests.test_tommy_safeguarding_overhaul.TestNegationHandling" name="test_em_dash_handling" time="0.000" /><testcase classname="tests.test_tommy_safeguarding_overhaul.TestNegationHandling" name="test_en_dash_handling" time="0.000" /><testcase classname="tests.test_tommy_safeguarding_overhaul.TestNegationHandling" name="test_im_safe_negation" time="0.000" /><testcase classname="tests.test_tommy_safeguarding_overhaul.TestNegationHandling" name="test_just_venting" time="0.000" /><testcase classname="tests.test_tommy_safeguarding_overhaul.TestNegationHandling" name="test_dark_humour_not_crisis" time="0.000" /><testcase classname="tests.test_tommy_safeguarding_overhaul.TestSoulDocumentInjection" name="test_soul_injection_content" time="0.000" /><testcase classname="tests.test_tommy_safeguarding_overhaul.TestSoulDocumentInjection" name="test_soul_injection_for_all_characters" time="0.000" /><testcase classname="tests.test_tommy_safeguarding_overhaul.TestSoulDocumentInjection" name="test_safeguarding_addendum_aligned" time="0.001" /><testcase classname="tests.test_tommy_safeguarding_overhaul.TestSoulDocumentInjection" name="test_safeguarding_addendum_has_crisis_resources" time="0.001" /><testcase classname="tests.test_tommy_safeguarding_overhaul.TestServerNegationImport" name="test_no_duplicate_is_negated_function" time="0.001" /><testcase classname="tests.test_tommy_soul_integration.TestNegationEdgeCases" name="test_scenario_008_with_caps_tired" time="0.000" /><testcase classname="tests.test_tommy_soul_integration.TestNegationEdgeCases" name="test_scenario_008_with_exhausted" time="0.000" /><testcase classname="tests.test_tommy_soul_integration.TestNegationEdgeCases" name="test_scenario_008_with_knackered" time="0.000" /><testcase classname="tests.test_tommy_soul_integration.TestNegationEdgeCases" name="test_scenario_008_with_shattered" time="0.000" /><testcase classname="tests.test_tommy_soul_integration.TestNegationEdgeCases" name="test_scenario_008_with_done_in" time="0.000" /><testcase classname="tests.test_tommy_soul_integration.TestNegationEdgeCases" name="test_not_in_a_kill_myself_way" time="0.000" /><testcase classname="tests.test_tommy_soul_integration.TestNegationEdgeCases" name="test_not_in_a_want_to_die_way" time="0.000" /><testcase classname="tests.test_tommy_soul_integration.TestNegationEdgeCases" name="test_post_indicator_joking" time="0.000" /><testcase classname="tests.test_tommy_soul_integration.TestNegationEdgeCases" name="test_post_indicator_lol" time="0.000" /><testcase classname="tests.test_tommy_soul_integration.TestNegationEdgeCases" name="test_post_indicator_haha" time="0.000" /><testcase classname="tests.test_tommy_soul_integration.TestGenuineRiskNotNegated" name="test_direct_suicide_statement" time="0.000" /><testcase classname="tests.test_tommy_soul_integration.TestGenuineRiskNotNegated" name="test_end_it_all_tonight" time="0.000" /><testcase classname="tests.test_tommy_soul_integration.TestGenuineRiskNotNegated" name="test_top_myself" time="0.000" /><testcase classname="tests.test_tommy_soul_integration.TestGenuineRiskNotNegated" name="test_do_myself_in" time="0.000" /><testcase classname="tests.test_tommy_soul_integration.TestGenuineRiskNotNegated" name="test_wont_be_here_tomorrow" time="0.000" /><testcase classname="tests.test_tommy_soul_integration.TestGenuineRiskNotNegated" name="test_cant_go_on" time="0.000" /><testcase classname="tests.test_tommy_soul_integration.TestGenuineRiskNotNegated" name="test_better_off_dead" time="0.000" /><testcase classname="tests.test_tommy_soul_integration.TestGenuineRiskNotNegated" name="test_made_a_plan" time="0.000" /><testcase classname="tests.test_tommy_soul_integration.TestGenuineRiskNotNegated" name="test_said_my_goodbyes" time="0.000" /><testcase classname="tests.test_tommy_soul_integration.TestSoulDocumentAllPersonas" name="test_all_16_personas_have_soul_injection" time="0.000" /><testcase classname="tests.test_tommy_soul_integration.TestSoulDocumentAllPersonas" name="test_soul_injection_contains_privacy_protocol" time="0.000" /><testcase classname="tests.test_tommy_soul_integration.TestSoulDocumentAllPersonas" name="test_soul_injection_contains_crisis_resources" time="0.000" /><testcase classname="tests.test_tommy_soul_integration.TestSafeguardingAddendum" name="test_no_banned_phrases_as_instructions" time="0.001" /><testcase classname="tests.test_tommy_soul_integration.TestSafeguardingAddendum" name="test_has_all_crisis_resources" time="0.001" /><testcase classname="tests.test_tommy_soul_integration.TestSafeguardingAddendum" name="test_aligned_with_soul_document" time="0.001" /><testcase classname="tests.test_tommy_soul_integration.TestAgoraCredentials" name="test_agora_credentials_in_env" time="0.000" /><testcase classname="tests.test_tommy_soul_integration.TestAgoraCredentials" name="test_events_router_uses_env_vars" time="0.000" /><testcase classname="tests.test_tommy_soul_integration.TestAIChatEndpoint" name="test_chat_endpoint_exists" time="1.688" /><testcase classname="tests.test_tommy_soul_integration.TestAIChatEndpoint" name="test_chat_with_tommy_persona" time="1.058" /><testcase classname="tests.test_tommy_soul_integration.TestAIChatEndpoint" name="test_chat_scenario_008_no_crisis_response" time="2.082" /><testcase classname="tests.test_tommy_soul_integration.TestAIChatEndpoint" name="test_chat_genuine_risk_triggers_response" time="0.391" /><testcase classname="tests.test_tommy_soul_integration.TestServerImports" name="test_is_negated_imported_from_safety_monitor" time="0.001" /><testcase classname="tests.test_tommy_soul_integration.TestServerImports" name="test_no_duplicate_is_negated_definition" time="0.001" /></testsuite></testsuites>