<?xml version="1.0" encoding="utf-8"?><testsuites name="pytest tests"><testsuite name="pytest" errors="0" failures="0" skipped="0" tests="23" time="4.090" timestamp="2026-03-26T00:13:59.895443+00:00" hostname="agent-env-2d954434-e30b-46db-8ea1-8429490b736c"><testcase classname="backend.tests.test_visual_editor_dark_theme.TestForCarersPageBlocks" name="test_get_for_carers_page_returns_200" time="0.254" /><testcase classname="backend.tests.test_visual_editor_dark_theme.TestForCarersPageBlocks" name="test_for_carers_page_has_blocks_array" time="0.358" /><testcase classname="backend.tests.test_visual_editor_dark_theme.TestForCarersPageBlocks" name="test_blocks_have_type_and_props" time="0.158" /><testcase classname="backend.tests.test_visual_editor_dark_theme.TestForCarersPageBlocks" name="test_expected_block_types_exist" time="0.150" /><testcase classname="backend.tests.test_visual_editor_dark_theme.TestCalloutBlocksWithIcons" name="test_callout_blocks_exist" time="0.125" /><testcase classname="backend.tests.test_visual_editor_dark_theme.TestCalloutBlocksWithIcons" name="test_callout_blocks_have_text" time="0.184" /><testcase classname="backend.tests.test_visual_editor_dark_theme.TestCalloutBlocksWithIcons" name="test_callout_blocks_can_have_icon" time="0.139" /><testcase classname="backend.tests.test_visual_editor_dark_theme.TestCalloutBlocksWithIcons" name="test_callout_blocks_can_have_icon_color" time="0.220" /><testcase classname="backend.tests.test_visual_editor_dark_theme.TestChatBannerBlock" name="test_chat_banner_exists" time="0.107" /><testcase classname="backend.tests.test_visual_editor_dark_theme.TestChatBannerBlock" name="test_chat_banner_has_persona" time="0.194" /><testcase classname="backend.tests.test_visual_editor_dark_theme.TestChatBannerBlock" name="test_chat_banner_persona_is_helen" time="0.124" /><testcase classname="backend.tests.test_visual_editor_dark_theme.TestSupportCardBlocks" name="test_support_cards_exist" time="0.161" /><testcase classname="backend.tests.test_visual_editor_dark_theme.TestSupportCardBlocks" name="test_support_cards_have_title" time="0.120" /><testcase classname="backend.tests.test_visual_editor_dark_theme.TestSupportCardBlocks" name="test_support_cards_have_description" time="0.118" /><testcase classname="backend.tests.test_visual_editor_dark_theme.TestSupportCardBlocks" name="test_support_cards_have_tags" time="0.124" /><testcase classname="backend.tests.test_visual_editor_dark_theme.TestSupportCardBlocks" name="test_support_cards_have_valid_tags" time="0.113" /><testcase classname="backend.tests.test_visual_editor_dark_theme.TestCrisisFooterBlock" name="test_crisis_footer_exists" time="0.121" /><testcase classname="backend.tests.test_visual_editor_dark_theme.TestPersonasEndpoint" name="test_personas_endpoint_returns_200" time="0.102" /><testcase classname="backend.tests.test_visual_editor_dark_theme.TestPersonasEndpoint" name="test_personas_returns_list" time="0.114" /><testcase classname="backend.tests.test_visual_editor_dark_theme.TestPersonasEndpoint" name="test_personas_have_required_fields" time="0.096" /><testcase classname="backend.tests.test_visual_editor_dark_theme.TestPersonasEndpoint" name="test_helen_persona_exists" time="0.111" /><testcase classname="backend.tests.test_visual_editor_dark_theme.TestUpdateBlocksWithIcon" name="test_update_callout_with_icon" time="0.701" /><testcase classname="backend.tests.test_visual_editor_dark_theme.TestBlockTypeCounts" name="test_block_type_distribution" time="0.117" /></testsuite></testsuites>