<?xml version="1.0" encoding="utf-8"?><testsuites name="pytest tests"><testsuite name="pytest" errors="0" failures="0" skipped="0" tests="14" time="16.967" timestamp="2026-03-17T17:56:14.122540+00:00" hostname="agent-env-d2029f0d-46e2-47e6-851f-2c17d0dbee5d"><testcase classname="backend.tests.test_persona_refactor.TestCharactersEndpoint" name="test_get_characters_returns_200" time="1.953" /><testcase classname="backend.tests.test_persona_refactor.TestCharactersEndpoint" name="test_get_characters_returns_12_characters" time="0.152" /><testcase classname="backend.tests.test_persona_refactor.TestCharactersEndpoint" name="test_all_expected_characters_present" time="0.159" /><testcase classname="backend.tests.test_persona_refactor.TestCharactersEndpoint" name="test_character_structure" time="0.137" /><testcase classname="backend.tests.test_persona_refactor.TestCharactersEndpoint" name="test_new_characters_present" time="0.134" /><testcase classname="backend.tests.test_persona_refactor.TestChatWithTommy" name="test_chat_with_tommy_returns_200" time="1.187" /><testcase classname="backend.tests.test_persona_refactor.TestChatWithMegan" name="test_chat_with_megan_returns_200" time="4.155" /><testcase classname="backend.tests.test_persona_refactor.TestChatWithPenny" name="test_chat_with_penny_returns_200" time="6.009" /><testcase classname="backend.tests.test_persona_refactor.TestChatWithDoris" name="test_chat_with_doris_returns_200" time="2.960" /><testcase classname="backend.tests.test_persona_refactor.TestSoulDocumentIntegration" name="test_soul_document_exists" time="0.000" /><testcase classname="backend.tests.test_persona_refactor.TestSoulDocumentIntegration" name="test_soul_loader_exists" time="0.002" /><testcase classname="backend.tests.test_persona_refactor.TestSoulDocumentIntegration" name="test_full_prompt_includes_soul" time="0.000" /><testcase classname="backend.tests.test_persona_refactor.TestModularPersonaLoading" name="test_all_personas_load" time="0.000" /><testcase classname="backend.tests.test_persona_refactor.TestModularPersonaLoading" name="test_character_config_getter" time="0.000" /></testsuite></testsuites>