<?xml version="1.0" encoding="utf-8"?><testsuites name="pytest tests"><testsuite name="pytest" errors="0" failures="0" skipped="0" tests="96" time="62.214" timestamp="2026-03-26T00:26:28.133202+00:00" hostname="agent-env-2d954434-e30b-46db-8ea1-8429490b736c"><testcase classname="backend.tests.test_batch_cms_migration.TestAdminPagesEndpoint" name="test_admin_pages_returns_200" time="0.206" /><testcase classname="backend.tests.test_batch_cms_migration.TestAdminPagesEndpoint" name="test_admin_pages_returns_16_pages" time="0.126" /><testcase classname="backend.tests.test_batch_cms_migration.TestAdminPagesEndpoint" name="test_all_expected_pages_exist" time="0.123" /><testcase classname="backend.tests.test_batch_cms_migration.TestAdminPagesEndpoint" name="test_all_pages_are_published" time="0.185" /><testcase classname="backend.tests.test_batch_cms_migration.TestPublicPagesEndpoint" name="test_page_returns_200[about]" time="0.111" /><testcase classname="backend.tests.test_batch_cms_migration.TestPublicPagesEndpoint" name="test_page_returns_200[criminal-justice]" time="0.146" /><testcase classname="backend.tests.test_batch_cms_migration.TestPublicPagesEndpoint" name="test_page_returns_200[crisis-support]" time="0.110" /><testcase classname="backend.tests.test_batch_cms_migration.TestPublicPagesEndpoint" name="test_page_returns_200[he-served]" time="0.114" /><testcase classname="backend.tests.test_batch_cms_migration.TestPublicPagesEndpoint" name="test_page_returns_200[historical-investigations]" time="0.112" /><testcase classname="backend.tests.test_batch_cms_migration.TestPublicPagesEndpoint" name="test_page_returns_200[compensation-schemes]" time="0.120" /><testcase classname="backend.tests.test_batch_cms_migration.TestPublicPagesEndpoint" name="test_page_returns_200[privacy-policy]" time="0.102" /><testcase classname="backend.tests.test_batch_cms_migration.TestPublicPagesEndpoint" name="test_page_returns_200[terms-of-service]" time="0.096" /><testcase classname="backend.tests.test_batch_cms_migration.TestPublicPagesEndpoint" name="test_page_returns_200[commonwealth-veterans]" time="0.111" /><testcase classname="backend.tests.test_batch_cms_migration.TestPublicPagesEndpoint" name="test_page_returns_200[faith-service]" time="0.095" /><testcase classname="backend.tests.test_batch_cms_migration.TestPublicPagesEndpoint" name="test_page_returns_200[substance-support]" time="0.126" /><testcase classname="backend.tests.test_batch_cms_migration.TestPublicPagesEndpoint" name="test_page_returns_200[women-veterans]" time="0.105" /><testcase classname="backend.tests.test_batch_cms_migration.TestPublicPagesEndpoint" name="test_page_returns_200[money-benefits]" time="0.136" /><testcase classname="backend.tests.test_batch_cms_migration.TestPublicPagesEndpoint" name="test_page_returns_200[for-carers]" time="0.102" /><testcase classname="backend.tests.test_batch_cms_migration.TestPublicPagesEndpoint" name="test_page_returns_200[serious-illness]" time="0.113" /><testcase classname="backend.tests.test_batch_cms_migration.TestPublicPagesEndpoint" name="test_page_returns_200[recovery-support]" time="0.105" /><testcase classname="backend.tests.test_batch_cms_migration.TestPublicPagesEndpoint" name="test_page_has_blocks_array[about]" time="0.109" /><testcase classname="backend.tests.test_batch_cms_migration.TestPublicPagesEndpoint" name="test_page_has_blocks_array[criminal-justice]" time="0.127" /><testcase classname="backend.tests.test_batch_cms_migration.TestPublicPagesEndpoint" name="test_page_has_blocks_array[crisis-support]" time="0.110" /><testcase classname="backend.tests.test_batch_cms_migration.TestPublicPagesEndpoint" name="test_page_has_blocks_array[he-served]" time="0.143" /><testcase classname="backend.tests.test_batch_cms_migration.TestPublicPagesEndpoint" name="test_page_has_blocks_array[historical-investigations]" time="0.103" /><testcase classname="backend.tests.test_batch_cms_migration.TestPublicPagesEndpoint" name="test_page_has_blocks_array[compensation-schemes]" time="0.138" /><testcase classname="backend.tests.test_batch_cms_migration.TestPublicPagesEndpoint" name="test_page_has_blocks_array[privacy-policy]" time="0.111" /><testcase classname="backend.tests.test_batch_cms_migration.TestPublicPagesEndpoint" name="test_page_has_blocks_array[terms-of-service]" time="0.124" /><testcase classname="backend.tests.test_batch_cms_migration.TestPublicPagesEndpoint" name="test_page_has_blocks_array[commonwealth-veterans]" time="0.112" /><testcase classname="backend.tests.test_batch_cms_migration.TestPublicPagesEndpoint" name="test_page_has_blocks_array[faith-service]" time="0.107" /><testcase classname="backend.tests.test_batch_cms_migration.TestPublicPagesEndpoint" name="test_page_has_blocks_array[substance-support]" time="0.126" /><testcase classname="backend.tests.test_batch_cms_migration.TestPublicPagesEndpoint" name="test_page_has_blocks_array[women-veterans]" time="0.106" /><testcase classname="backend.tests.test_batch_cms_migration.TestPublicPagesEndpoint" name="test_page_has_blocks_array[money-benefits]" time="0.116" /><testcase classname="backend.tests.test_batch_cms_migration.TestPublicPagesEndpoint" name="test_page_has_blocks_array[for-carers]" time="0.130" /><testcase classname="backend.tests.test_batch_cms_migration.TestPublicPagesEndpoint" name="test_page_has_blocks_array[serious-illness]" time="0.140" /><testcase classname="backend.tests.test_batch_cms_migration.TestPublicPagesEndpoint" name="test_page_has_blocks_array[recovery-support]" time="0.154" /><testcase classname="backend.tests.test_batch_cms_migration.TestBlockStructure" name="test_blocks_have_type_and_props[about]" time="0.109" /><testcase classname="backend.tests.test_batch_cms_migration.TestBlockStructure" name="test_blocks_have_type_and_props[criminal-justice]" time="0.161" /><testcase classname="backend.tests.test_batch_cms_migration.TestBlockStructure" name="test_blocks_have_type_and_props[crisis-support]" time="0.119" /><testcase classname="backend.tests.test_batch_cms_migration.TestBlockStructure" name="test_blocks_have_type_and_props[he-served]" time="0.115" /><testcase classname="backend.tests.test_batch_cms_migration.TestBlockStructure" name="test_blocks_have_type_and_props[historical-investigations]" time="0.114" /><testcase classname="backend.tests.test_batch_cms_migration.TestBlockStructure" name="test_blocks_have_type_and_props[compensation-schemes]" time="0.124" /><testcase classname="backend.tests.test_batch_cms_migration.TestBlockStructure" name="test_blocks_have_type_and_props[privacy-policy]" time="0.135" /><testcase classname="backend.tests.test_batch_cms_migration.TestBlockStructure" name="test_blocks_have_type_and_props[terms-of-service]" time="0.104" /><testcase classname="backend.tests.test_batch_cms_migration.TestBlockStructure" name="test_blocks_have_type_and_props[commonwealth-veterans]" time="0.112" /><testcase classname="backend.tests.test_batch_cms_migration.TestBlockStructure" name="test_blocks_have_type_and_props[faith-service]" time="0.108" /><testcase classname="backend.tests.test_batch_cms_migration.TestBlockStructure" name="test_blocks_have_type_and_props[substance-support]" time="0.100" /><testcase classname="backend.tests.test_batch_cms_migration.TestBlockStructure" name="test_blocks_have_type_and_props[women-veterans]" time="0.112" /><testcase classname="backend.tests.test_batch_cms_migration.TestBlockStructure" name="test_blocks_have_type_and_props[money-benefits]" time="0.113" /><testcase classname="backend.tests.test_batch_cms_migration.TestBlockStructure" name="test_blocks_have_type_and_props[for-carers]" time="0.107" /><testcase classname="backend.tests.test_batch_cms_migration.TestBlockStructure" name="test_blocks_have_type_and_props[serious-illness]" time="0.108" /><testcase classname="backend.tests.test_batch_cms_migration.TestBlockStructure" name="test_blocks_have_type_and_props[recovery-support]" time="0.104" /><testcase classname="backend.tests.test_batch_cms_migration.TestBlockStructure" name="test_valid_block_types_used" time="1.805" /><testcase classname="backend.tests.test_batch_cms_migration.TestCalloutBlocksWithIcons" name="test_he_served_callouts_have_icons" time="0.106" /><testcase classname="backend.tests.test_batch_cms_migration.TestCalloutBlocksWithIcons" name="test_about_callouts_have_icons" time="0.132" /><testcase classname="backend.tests.test_batch_cms_migration.TestSupportCardBlocks" name="test_crisis_support_has_support_cards" time="0.157" /><testcase classname="backend.tests.test_batch_cms_migration.TestSupportCardBlocks" name="test_support_cards_have_title_and_description" time="0.103" /><testcase classname="backend.tests.test_batch_cms_migration.TestSupportCardBlocks" name="test_support_cards_have_phone_or_url" time="0.129" /><testcase classname="backend.tests.test_batch_cms_migration.TestSupportCardBlocks" name="test_support_cards_have_tags" time="0.103" /><testcase classname="backend.tests.test_batch_cms_migration.TestChatBannerBlocks" name="test_chat_banner_has_correct_persona[criminal-justice-doris]" time="0.118" /><testcase classname="backend.tests.test_batch_cms_migration.TestChatBannerBlocks" name="test_chat_banner_has_correct_persona[crisis-support-tommy]" time="0.115" /><testcase classname="backend.tests.test_batch_cms_migration.TestChatBannerBlocks" name="test_chat_banner_has_correct_persona[he-served-dave]" time="0.128" /><testcase classname="backend.tests.test_batch_cms_migration.TestChatBannerBlocks" name="test_chat_banner_has_correct_persona[historical-investigations-james]" time="0.106" /><testcase classname="backend.tests.test_batch_cms_migration.TestChatBannerBlocks" name="test_chat_banner_has_correct_persona[compensation-schemes-jack]" time="0.116" /><testcase classname="backend.tests.test_batch_cms_migration.TestChatBannerBlocks" name="test_chat_banner_has_correct_persona[commonwealth-veterans-kofi]" time="0.126" /><testcase classname="backend.tests.test_batch_cms_migration.TestChatBannerBlocks" name="test_chat_banner_has_correct_persona[faith-service-catherine]" time="0.150" /><testcase classname="backend.tests.test_batch_cms_migration.TestChatBannerBlocks" name="test_chat_banner_has_correct_persona[substance-support-sam]" time="0.130" /><testcase classname="backend.tests.test_batch_cms_migration.TestChatBannerBlocks" name="test_chat_banner_has_correct_persona[women-veterans-rita]" time="0.107" /><testcase classname="backend.tests.test_batch_cms_migration.TestChatBannerBlocks" name="test_chat_banner_has_correct_persona[money-benefits-jack]" time="0.115" /><testcase classname="backend.tests.test_batch_cms_migration.TestChatBannerBlocks" name="test_chat_banner_has_correct_persona[for-carers-helen]" time="0.104" /><testcase classname="backend.tests.test_batch_cms_migration.TestChatBannerBlocks" name="test_chat_banner_has_correct_persona[serious-illness-reg]" time="0.128" /><testcase classname="backend.tests.test_batch_cms_migration.TestChatBannerBlocks" name="test_chat_banner_has_correct_persona[recovery-support-mo]" time="0.107" /><testcase classname="backend.tests.test_batch_cms_migration.TestChatBannerBlocks" name="test_all_chat_banner_personas_are_valid" time="1.776" /><testcase classname="backend.tests.test_batch_cms_migration.TestCrisisFooterBlocks" name="test_crisis_support_has_crisis_footer" time="0.106" /><testcase classname="backend.tests.test_batch_cms_migration.TestCrisisFooterBlocks" name="test_he_served_has_crisis_footer" time="0.106" /><testcase classname="backend.tests.test_batch_cms_migration.TestBatchSeedEndpoint" name="test_batch_seed_endpoint_exists" time="0.150" /><testcase classname="backend.tests.test_batch_cms_migration.TestPageBlockCounts" name="test_page_has_minimum_blocks[about-10]" time="0.174" /><testcase classname="backend.tests.test_batch_cms_migration.TestPageBlockCounts" name="test_page_has_minimum_blocks[criminal-justice-10]" time="0.117" /><testcase classname="backend.tests.test_batch_cms_migration.TestPageBlockCounts" name="test_page_has_minimum_blocks[crisis-support-10]" time="0.107" /><testcase classname="backend.tests.test_batch_cms_migration.TestPageBlockCounts" name="test_page_has_minimum_blocks[he-served-20]" time="0.116" /><testcase classname="backend.tests.test_batch_cms_migration.TestPageBlockCounts" name="test_page_has_minimum_blocks[historical-investigations-10]" time="0.150" /><testcase classname="backend.tests.test_batch_cms_migration.TestPageBlockCounts" name="test_page_has_minimum_blocks[compensation-schemes-15]" time="0.108" /><testcase classname="backend.tests.test_batch_cms_migration.TestPageBlockCounts" name="test_page_has_minimum_blocks[privacy-policy-15]" time="0.104" /><testcase classname="backend.tests.test_batch_cms_migration.TestPageBlockCounts" name="test_page_has_minimum_blocks[terms-of-service-15]" time="0.130" /><testcase classname="backend.tests.test_batch_cms_migration.TestPageBlockCounts" name="test_page_has_minimum_blocks[commonwealth-veterans-15]" time="0.121" /><testcase classname="backend.tests.test_batch_cms_migration.TestPageBlockCounts" name="test_page_has_minimum_blocks[faith-service-15]" time="0.132" /><testcase classname="backend.tests.test_batch_cms_migration.TestPageBlockCounts" name="test_page_has_minimum_blocks[substance-support-15]" time="0.126" /><testcase classname="backend.tests.test_batch_cms_migration.TestPageBlockCounts" name="test_page_has_minimum_blocks[women-veterans-15]" time="0.123" /><testcase classname="backend.tests.test_batch_cms_migration.TestPageBlockCounts" name="test_page_has_minimum_blocks[money-benefits-15]" time="35.856" /><testcase classname="backend.tests.test_batch_cms_migration.TestPageBlockCounts" name="test_page_has_minimum_blocks[for-carers-20]" time="0.223" /><testcase classname="backend.tests.test_batch_cms_migration.TestPageBlockCounts" name="test_page_has_minimum_blocks[serious-illness-20]" time="0.107" /><testcase classname="backend.tests.test_batch_cms_migration.TestPageBlockCounts" name="test_page_has_minimum_blocks[recovery-support-20]" time="0.122" /><testcase classname="backend.tests.test_batch_cms_migration.TestPersonasEndpoint" name="test_personas_endpoint_returns_200" time="11.413" /><testcase classname="backend.tests.test_batch_cms_migration.TestPersonasEndpoint" name="test_personas_returns_list" time="0.149" /><testcase classname="backend.tests.test_batch_cms_migration.TestPersonasEndpoint" name="test_personas_have_required_fields" time="0.109" /><testcase classname="backend.tests.test_batch_cms_migration.TestPersonasEndpoint" name="test_chat_banner_personas_exist_in_api" time="0.131" /></testsuite></testsuites>